app/build/outputs/logs/manifest-merger-debug-report.txt
-- Merging decision tree log ---
manifest
ADDED from src\main\AndroidManifest.xml:2:1-128:12
	xmlns:android
		ADDED from src\main\AndroidManifest.xml:2:11-69
	package
		ADDED from src\main\AndroidManifest.xml:3:5-26
		INJECTED from src\main\AndroidManifest.xml
		INJECTED from src\main\AndroidManifest.xml
	android:versionName
		ADDED from src\main\AndroidManifest.xml:5:5-30
	android:versionCode
		ADDED from src\main\AndroidManifest.xml:4:5-28
		INJECTED from src\main\AndroidManifest.xml
		INJECTED from src\main\AndroidManifest.xml
uses-sdk
ADDED from src\main\AndroidManifest.xml:7:5-9:41
MERGED from [:captivamobilesdk:] AndroidManifest.xml:8:5-10:41
MERGED from [com.android.support:support-v4:21.0.3] AndroidManifest.xml:15:5-42
MERGED from [uk.co.josephearl.foundry:foundry:1.0.4] AndroidManifest.xml:8:5-10:41
	android:targetSdkVersion
		ADDED from src\main\AndroidManifest.xml:9:9-38
		INJECTED from src\main\AndroidManifest.xml
		INJECTED from src\main\AndroidManifest.xml
	android:minSdkVersion
		ADDED from src\main\AndroidManifest.xml:8:9-35
		INJECTED from src\main\AndroidManifest.xml
		INJECTED from src\main\AndroidManifest.xml
uses-feature#android.hardware.camera
ADDED from src\main\AndroidManifest.xml:11:5-13:35
MERGED from [:captivamobilesdk:] AndroidManifest.xml:12:5-14:35
	android:required
		ADDED from src\main\AndroidManifest.xml:13:9-32
	android:name
		ADDED from src\main\AndroidManifest.xml:12:9-47
uses-feature#android.hardware.Camera.AutoFocus
ADDED from src\main\AndroidManifest.xml:14:5-16:35
	android:required
		ADDED from src\main\AndroidManifest.xml:16:9-32
	android:name
		ADDED from src\main\AndroidManifest.xml:15:9-57
uses-feature#android.hardware.sensor.accelerometer
ADDED from src\main\AndroidManifest.xml:17:5-19:36
MERGED from [:captivamobilesdk:] AndroidManifest.xml:21:5-23:36
	android:required
		ADDED from src\main\AndroidManifest.xml:19:9-33
	android:name
		ADDED from src\main\AndroidManifest.xml:18:9-61
uses-feature#android.hardware.camera.flash
ADDED from src\main\AndroidManifest.xml:20:5-22:35
MERGED from [:captivamobilesdk:] AndroidManifest.xml:18:5-20:36
	android:required
		ADDED from src\main\AndroidManifest.xml:22:9-32
	android:name
		ADDED from src\main\AndroidManifest.xml:21:9-53
uses-permission#android.permission.INTERNET
ADDED from src\main\AndroidManifest.xml:24:5-67
	android:name
		ADDED from src\main\AndroidManifest.xml:24:22-64
uses-permission#android.permission.CAMERA
ADDED from src\main\AndroidManifest.xml:25:5-65
MERGED from [:captivamobilesdk:] AndroidManifest.xml:28:5-65
	android:name
		ADDED from src\main\AndroidManifest.xml:25:22-62
uses-permission#android.permission.WRITE_EXTERNAL_STORAGE
ADDED from src\main\AndroidManifest.xml:26:5-81
MERGED from [:captivamobilesdk:] AndroidManifest.xml:29:5-81
	android:name
		ADDED from src\main\AndroidManifest.xml:26:22-78
uses-permission#android.permission.ACCESS_NETWORK_STATE
ADDED from src\main\AndroidManifest.xml:27:5-79
	android:name
		ADDED from src\main\AndroidManifest.xml:27:22-76
uses-permission#android.permission.READ_PHONE_STATE
ADDED from src\main\AndroidManifest.xml:28:5-75
	android:name
		ADDED from src\main\AndroidManifest.xml:28:22-72
android:uses-permission#android.permission.READ_EXTERNAL_STORAGE
ADDED from src\main\AndroidManifest.xml:30:5-32:38
	android:maxSdkVersion
		ADDED from src\main\AndroidManifest.xml:32:9-35
	android:name
		ADDED from src\main\AndroidManifest.xml:31:9-64
application
ADDED from src\main\AndroidManifest.xml:34:5-126:19
MERGED from [com.android.support:support-v4:21.0.3] AndroidManifest.xml:16:5-19
	android:label
		ADDED from src\main\AndroidManifest.xml:37:9-41
	android:allowBackup
		ADDED from src\main\AndroidManifest.xml:35:9-35
	android:icon
		ADDED from src\main\AndroidManifest.xml:36:9-44
	android:theme
		ADDED from src\main\AndroidManifest.xml:38:9-40
activity#ing.rbi.poc.LoginScreen
ADDED from src\main\AndroidManifest.xml:39:9-47:20
	android:label
		ADDED from src\main\AndroidManifest.xml:41:13-45
	android:name
		ADDED from src\main\AndroidManifest.xml:40:13-40
intent-filter#android.intent.action.MAIN+android.intent.category.LAUNCHER
ADDED from src\main\AndroidManifest.xml:42:13-46:29
action#android.intent.action.MAIN
ADDED from src\main\AndroidManifest.xml:43:17-69
	android:name
		ADDED from src\main\AndroidManifest.xml:43:25-66
category#android.intent.category.LAUNCHER
ADDED from src\main\AndroidManifest.xml:45:17-77
	android:name
		ADDED from src\main\AndroidManifest.xml:45:27-74
activity#ing.rbi.poc.CreateBatch
ADDED from src\main\AndroidManifest.xml:48:9-51:20
	android:label
		ADDED from src\main\AndroidManifest.xml:50:13-64
	android:name
		ADDED from src\main\AndroidManifest.xml:49:13-40
activity#ing.rbi.poc.AddCheque
ADDED from src\main\AndroidManifest.xml:52:9-55:20
	android:label
		ADDED from src\main\AndroidManifest.xml:54:13-62
	android:name
		ADDED from src\main\AndroidManifest.xml:53:13-38
activity#emc.captiva.mobile.sdk.CameraActivity
ADDED from src\main\AndroidManifest.xml:56:9-60:20
	android:label
		ADDED from src\main\AndroidManifest.xml:58:13-45
	android:theme
		ADDED from src\main\AndroidManifest.xml:59:13-60
	android:name
		ADDED from src\main\AndroidManifest.xml:57:13-65
activity#ing.rbi.poc.SettingsActivity
ADDED from src\main\AndroidManifest.xml:61:9-65:20
	android:label
		ADDED from src\main\AndroidManifest.xml:63:13-45
	android:theme
		ADDED from src\main\AndroidManifest.xml:64:13-60
	android:name
		ADDED from src\main\AndroidManifest.xml:62:13-45
activity#ing.rbi.poc.ImageInfoActivity
ADDED from src\main\AndroidManifest.xml:66:9-70:20
	android:label
		ADDED from src\main\AndroidManifest.xml:68:13-45
	android:theme
		ADDED from src\main\AndroidManifest.xml:69:13-60
	android:name
		ADDED from src\main\AndroidManifest.xml:67:13-46
activity#ing.rbi.poc.EnhanceImageActivity
ADDED from src\main\AndroidManifest.xml:71:9-75:20
	android:label
		ADDED from src\main\AndroidManifest.xml:73:13-45
	android:theme
		ADDED from src\main\AndroidManifest.xml:74:13-60
	android:name
		ADDED from src\main\AndroidManifest.xml:72:13-49
activity#ing.rbi.poc.EnhanceImageCropActivity
ADDED from src\main\AndroidManifest.xml:76:9-80:20
	android:label
		ADDED from src\main\AndroidManifest.xml:78:13-45
	android:theme
		ADDED from src\main\AndroidManifest.xml:79:13-60
	android:name
		ADDED from src\main\AndroidManifest.xml:77:13-53
activity#ing.rbi.poc.AddBill
ADDED from src\main\AndroidManifest.xml:81:9-84:20
	android:label
		ADDED from src\main\AndroidManifest.xml:83:13-45
	android:name
		ADDED from src\main\AndroidManifest.xml:82:13-36
activity#ing.rbi.poc.ChequeResults
ADDED from src\main\AndroidManifest.xml:85:9-88:20
	android:label
		ADDED from src\main\AndroidManifest.xml:87:13-66
	android:name
		ADDED from src\main\AndroidManifest.xml:86:13-42
activity#ing.rbi.poc.BillResults
ADDED from src\main\AndroidManifest.xml:89:9-92:20
	android:label
		ADDED from src\main\AndroidManifest.xml:91:13-64
	android:name
		ADDED from src\main\AndroidManifest.xml:90:13-40
activity#ing.rbi.poc.AddPID
ADDED from src\main\AndroidManifest.xml:93:9-96:20
	android:label
		ADDED from src\main\AndroidManifest.xml:95:13-59
	android:name
		ADDED from src\main\AndroidManifest.xml:94:13-35
activity#ing.rbi.poc.PIDResults
ADDED from src\main\AndroidManifest.xml:97:9-100:20
	android:label
		ADDED from src\main\AndroidManifest.xml:99:13-62
	android:name
		ADDED from src\main\AndroidManifest.xml:98:13-39
activity#ing.rbi.poc.AddBackOfCheque
ADDED from src\main\AndroidManifest.xml:101:9-104:20
	android:label
		ADDED from src\main\AndroidManifest.xml:103:13-70
	android:name
		ADDED from src\main\AndroidManifest.xml:102:13-44
activity#ing.rbi.poc.AddSecondCheque
ADDED from src\main\AndroidManifest.xml:105:9-108:20
	android:label
		ADDED from src\main\AndroidManifest.xml:107:13-69
	android:name
		ADDED from src\main\AndroidManifest.xml:106:13-44
activity#ing.rbi.poc.ViewDocuments
ADDED from src\main\AndroidManifest.xml:109:9-112:20
	android:label
		ADDED from src\main\AndroidManifest.xml:111:13-66
	android:name
		ADDED from src\main\AndroidManifest.xml:110:13-42
activity#ing.rbi.poc.CreateBatchTabbed
ADDED from src\main\AndroidManifest.xml:113:9-116:20
	android:label
		ADDED from src\main\AndroidManifest.xml:115:13-45
	android:name
		ADDED from src\main\AndroidManifest.xml:114:13-46
activity#emc.captiva.mobile.sdk.QuadrilateralCropActivity
ADDED from src\main\AndroidManifest.xml:117:9-121:20
	android:label
		ADDED from src\main\AndroidManifest.xml:119:13-38
	android:theme
		ADDED from src\main\AndroidManifest.xml:120:13-54
	android:name
		ADDED from src\main\AndroidManifest.xml:118:13-76
meta-data#com.google.android.gms.version
ADDED from src\main\AndroidManifest.xml:123:9-125:69
	android:name
		ADDED from src\main\AndroidManifest.xml:124:13-58
	android:value
		ADDED from src\main\AndroidManifest.xml:125:13-66
uses-feature#android.hardware.camera.autofocus
ADDED from [:captivamobilesdk:] AndroidManifest.xml:15:5-17:35
	android:required
		ADDED from [:captivamobilesdk:] AndroidManifest.xml:17:9-32
	android:name
		ADDED from [:captivamobilesdk:] AndroidManifest.xml:16:9-57
uses-feature#android.hardware.sensor.light
ADDED from [:captivamobilesdk:] AndroidManifest.xml:24:5-26:36
	android:required
		ADDED from [:captivamobilesdk:] AndroidManifest.xml:26:9-33
	android:name
		ADDED from [:captivamobilesdk:] AndroidManifest.xml:25:9-53